<?xml version="1.0" encoding="UTF-8"?>
<!-- Generated by org.testng.reporters.JUnitXMLReporter -->
<testsuite ignored="0" hostname="DESKTOP-NACAAD5" failures="0" tests="4" name="ChromeTest" time="32.206" errors="0" timestamp="2024-07-18T10:02:12 IST">
  <testcase classname="testScript.LoginTest" name="verifyTheUserIsAbleToLoginUsingInValidUsernameandInvalidPassword" time="2.229"/>
  <testcase classname="testScript.LoginTest" name="verifyTheUserIsAbleToLoginUsingInValidUsernameandValidPassword" time="0.752"/>
  <testcase classname="testScript.LoginTest" name="verifyTheUserIsAbleToLoginUsingValidCredentials" time="1.996"/>
  <testcase classname="testScript.LoginTest" name="verifyTheUserIsAbleToLoginUsingValidUsernameInValidPassword" time="1.095"/>
</testsuite> <!-- ChromeTest -->
