<?xml version="1.0" encoding="UTF-8"?>
<!-- Generated by org.testng.reporters.JUnitXMLReporter -->
<testsuite ignored="0" hostname="DESKTOP-NACAAD5" failures="0" tests="4" name="EdgeTest" time="0.204" errors="0" timestamp="2024-07-18T10:02:13 IST">
  <testcase classname="basePackage.Base" name="@BeforeMethod initializeBrowser" time="0.002">
    <failure type="java.lang.Exception" message="Browser is not correct.">
      <![CDATA[java.lang.Exception: Browser is not correct.
at basePackage.Base.initializeBrowser(Base.java:39)
at java.base/java.util.ArrayList.forEach(ArrayList.java:1596)
... Removed 29 stack frames]]>
    </failure>
  </testcase> <!-- @BeforeMethod initializeBrowser -->
  <testcase classname="basePackage.Base" name="@AfterMethod QuitAndClose" time="-1.721277133075E9">
    <skipped/>
  </testcase> <!-- @AfterMethod QuitAndClose -->
  <testcase classname="basePackage.Base" name="@BeforeMethod initializeBrowser" time="-1.721277133084E9">
    <skipped/>
  </testcase> <!-- @BeforeMethod initializeBrowser -->
  <testcase classname="basePackage.Base" name="@AfterMethod QuitAndClose" time="-1.721277133099E9">
    <skipped/>
  </testcase> <!-- @AfterMethod QuitAndClose -->
  <testcase classname="basePackage.Base" name="@BeforeMethod initializeBrowser" time="-1.721277133105E9">
    <skipped/>
  </testcase> <!-- @BeforeMethod initializeBrowser -->
  <testcase classname="basePackage.Base" name="@AfterMethod QuitAndClose" time="-1.721277133149E9">
    <skipped/>
  </testcase> <!-- @AfterMethod QuitAndClose -->
  <testcase classname="basePackage.Base" name="@BeforeMethod initializeBrowser" time="-1.72127713317E9">
    <skipped/>
  </testcase> <!-- @BeforeMethod initializeBrowser -->
  <testcase classname="basePackage.Base" name="@AfterMethod QuitAndClose" time="-1.721277133202E9">
    <skipped/>
  </testcase> <!-- @AfterMethod QuitAndClose -->
  <testcase classname="testScript.LoginTest" name="verifyTheUserIsAbleToLoginUsingInValidUsernameandInvalidPassword" time="0.0">
    <skipped/>
  </testcase> <!-- verifyTheUserIsAbleToLoginUsingInValidUsernameandInvalidPassword -->
  <testcase classname="testScript.LoginTest" name="verifyTheUserIsAbleToLoginUsingInValidUsernameandValidPassword" time="0.0">
    <skipped/>
  </testcase> <!-- verifyTheUserIsAbleToLoginUsingInValidUsernameandValidPassword -->
  <testcase classname="testScript.LoginTest" name="verifyTheUserIsAbleToLoginUsingValidCredentials" time="0.0">
    <skipped/>
  </testcase> <!-- verifyTheUserIsAbleToLoginUsingValidCredentials -->
  <testcase classname="testScript.LoginTest" name="verifyTheUserIsAbleToLoginUsingValidUsernameInValidPassword" time="0.0">
    <skipped/>
  </testcase> <!-- verifyTheUserIsAbleToLoginUsingValidUsernameInValidPassword -->
</testsuite> <!-- EdgeTest -->
