<?xml version="1.0" encoding="UTF-8"?>
<!-- Generated by org.testng.reporters.JUnitXMLReporter -->
<testsuite ignored="3" hostname="DESKTOP-NACAAD5" failures="0" tests="1" name="ChromeTest" time="6.028" errors="0" timestamp="2024-07-16T11:15:59 IST">
  <testcase classname="testScript.LoginTest" name="verifyTheUserIsAbleToLoginUsingValidCredentials" time="2.599"/>
  <testcase classname="testScript.LoginTest" name="verifyTheUserIsAbleToLoginUsingInValidUsernameandValidPassword" time="0.0">
    <ignored/>
  </testcase> <!-- verifyTheUserIsAbleToLoginUsingInValidUsernameandValidPassword -->
  <testcase classname="testScript.LoginTest" name="verifyTheUserIsAbleToLoginUsingInValidUsernameandInvalidPassword" time="0.0">
    <ignored/>
  </testcase> <!-- verifyTheUserIsAbleToLoginUsingInValidUsernameandInvalidPassword -->
  <testcase classname="testScript.LoginTest" name="verifyTheUserIsAbleToLoginUsingValidUsernameInValidPassword" time="0.0">
    <ignored/>
  </testcase> <!-- verifyTheUserIsAbleToLoginUsingValidUsernameInValidPassword -->
</testsuite> <!-- ChromeTest -->
