<?xml version="1.0" encoding="UTF-8"?>
<testng-results ignored="0" total="1" passed="1" failed="0" skipped="0">
  <reporter-output>
  </reporter-output>
  <suite started-at="2024-07-03T09:01:38 IST" name="Default suite" finished-at="2024-07-03T09:01:45 IST" duration-ms="7366">
    <groups>
    </groups>
    <test started-at="2024-07-03T09:01:38 IST" name="Default test" finished-at="2024-07-03T09:01:45 IST" duration-ms="7366">
      <class name="testScript.ContactUsUpdateTest">
        <test-method is-config="true" signature="baseGrocery()[pri:0, instance:testScript.ContactUsUpdateTest@3f6b0be5]" started-at="2024-07-03T09:01:38 IST" name="baseGrocery" finished-at="2024-07-03T09:01:41 IST" duration-ms="3597" status="PASS">
          <reporter-output>
          </reporter-output>
        </test-method> <!-- baseGrocery -->
        <test-method signature="verifyUserIsAbleToUpdateContacts()[pri:0, instance:testScript.ContactUsUpdateTest@3f6b0be5]" started-at="2024-07-03T09:01:41 IST" name="verifyUserIsAbleToUpdateContacts" finished-at="2024-07-03T09:01:45 IST" duration-ms="3706" status="PASS">
          <reporter-output>
          </reporter-output>
        </test-method> <!-- verifyUserIsAbleToUpdateContacts -->
        <test-method is-config="true" signature="quit()[pri:0, instance:testScript.ContactUsUpdateTest@3f6b0be5]" started-at="2024-07-03T09:01:45 IST" name="quit" finished-at="2024-07-03T09:01:45 IST" duration-ms="1" status="PASS">
          <reporter-output>
          </reporter-output>
        </test-method> <!-- quit -->
      </class> <!-- testScript.ContactUsUpdateTest -->
    </test> <!-- Default test -->
  </suite> <!-- Default suite -->
</testng-results>
