<?xml version="1.0" encoding="UTF-8"?>
<testng-results retried="1" ignored="1" total="3" passed="0" failed="1" skipped="0">
  <reporter-output>
  </reporter-output>
  <suite started-at="2024-08-05T15:45:34 IST" name="Suite" finished-at="2024-08-05T15:45:46 IST" duration-ms="12249">
    <groups>
      <group name="regression">
        <method signature="MgePagesSearchAndDeleteTest.verifyUserIsAbleTosearchAndDeletePage()[pri:0, instance:testScript.MgePagesSearchAndDeleteTest@6bca7e0d]" name="verifyUserIsAbleTosearchAndDeletePage" class="testScript.MgePagesSearchAndDeleteTest"/>
      </group> <!-- regression -->
      <group name="smoke">
        <method signature="MgePagesSearchAndDeleteTest.verifyUserIsAbleTosearchAndDeletePage()[pri:0, instance:testScript.MgePagesSearchAndDeleteTest@6bca7e0d]" name="verifyUserIsAbleTosearchAndDeletePage" class="testScript.MgePagesSearchAndDeleteTest"/>
      </group> <!-- smoke -->
    </groups>
    <test started-at="2024-08-05T15:45:34 IST" name="Test" finished-at="2024-08-05T15:45:46 IST" duration-ms="12249">
      <class name="testScript.MgePagesSearchAndDeleteTest">
        <test-method is-config="true" signature="initializeBrowser(java.lang.String)[pri:0, instance:testScript.MgePagesSearchAndDeleteTest@6bca7e0d]" started-at="2024-08-05T15:45:34 IST" name="initializeBrowser" finished-at="2024-08-05T15:45:39 IST" duration-ms="4443" status="PASS">
          <params>
            <param index="0">
              <value>
                <![CDATA[chrome]]>
              </value>
            </param>
          </params>
          <reporter-output>
          </reporter-output>
        </test-method> <!-- initializeBrowser -->
        <test-method retried="true" signature="verifyUserIsAbleTosearchAndDeletePage()[pri:0, instance:testScript.MgePagesSearchAndDeleteTest@6bca7e0d]" started-at="2024-08-05T15:45:39 IST" name="verifyUserIsAbleTosearchAndDeletePage" finished-at="2024-08-05T15:45:42 IST" duration-ms="3163" status="SKIP">
          <exception class="java.lang.RuntimeException">
            <message>
              <![CDATA[Excel sheet not found]]>
            </message>
            <full-stacktrace>
              <![CDATA[java.lang.RuntimeException: Excel sheet not found
at utilities.ExcelUtility.getStringData(ExcelUtility.java:34)
at testScript.MgePagesSearchAndDeleteTest.verifyUserIsAbleTosearchAndDeletePage(MgePagesSearchAndDeleteTest.java:29)
at java.base/jdk.internal.reflect.DirectMethodHandleAccessor.invoke(DirectMethodHandleAccessor.java:103)
at java.base/java.lang.reflect.Method.invoke(Method.java:580)
at org.testng.internal.invokers.MethodInvocationHelper.invokeMethod(MethodInvocationHelper.java:141)
at org.testng.internal.invokers.TestInvoker.invokeMethod(TestInvoker.java:686)
at org.testng.internal.invokers.TestInvoker.invokeTestMethod(TestInvoker.java:230)
at org.testng.internal.invokers.MethodRunner.runInSequence(MethodRunner.java:63)
at org.testng.internal.invokers.TestInvoker$MethodInvocationAgent.invoke(TestInvoker.java:992)
at org.testng.internal.invokers.TestInvoker.invokeTestMethods(TestInvoker.java:203)
at org.testng.internal.invokers.TestMethodWorker.invokeTestMethods(TestMethodWorker.java:154)
at org.testng.internal.invokers.TestMethodWorker.run(TestMethodWorker.java:134)
at java.base/java.util.ArrayList.forEach(ArrayList.java:1596)
at org.testng.TestRunner.privateRun(TestRunner.java:739)
at org.testng.TestRunner.run(TestRunner.java:614)
at org.testng.SuiteRunner.runTest(SuiteRunner.java:421)
at org.testng.SuiteRunner.runSequentially(SuiteRunner.java:413)
at org.testng.SuiteRunner.privateRun(SuiteRunner.java:373)
at org.testng.SuiteRunner.run(SuiteRunner.java:312)
at org.testng.SuiteRunnerWorker.runSuite(SuiteRunnerWorker.java:52)
at org.testng.SuiteRunnerWorker.run(SuiteRunnerWorker.java:95)
at org.testng.TestNG.runSuitesSequentially(TestNG.java:1274)
at org.testng.TestNG.runSuitesLocally(TestNG.java:1208)
at org.testng.TestNG.runSuites(TestNG.java:1112)
at org.testng.TestNG.run(TestNG.java:1079)
at org.testng.remote.AbstractRemoteTestNG.run(AbstractRemoteTestNG.java:115)
at org.testng.remote.RemoteTestNG.initAndRun(RemoteTestNG.java:293)
at org.testng.remote.RemoteTestNG.main(RemoteTestNG.java:91)
]]>
            </full-stacktrace>
          </exception> <!-- java.lang.RuntimeException -->
          <reporter-output>
          </reporter-output>
        </test-method> <!-- verifyUserIsAbleTosearchAndDeletePage -->
        <test-method is-config="true" signature="driverQuitandClose(org.testng.ITestResult)[pri:0, instance:testScript.MgePagesSearchAndDeleteTest@6bca7e0d]" started-at="2024-08-05T15:45:42 IST" name="driverQuitandClose" finished-at="2024-08-05T15:45:42 IST" duration-ms="324" status="PASS">
          <params>
            <param index="0">
              <value>
                <![CDATA[[TestResult name=verifyUserIsAbleTosearchAndDeletePage status=SKIP method=MgePagesSearchAndDeleteTest.verifyUserIsAbleTosearchAndDeletePage()[pri:0, instance:testScript.MgePagesSearchAndDeleteTest@6bca7e0d] output={null}]]]>
              </value>
            </param>
          </params>
          <reporter-output>
          </reporter-output>
        </test-method> <!-- driverQuitandClose -->
        <test-method is-config="true" signature="initializeBrowser(java.lang.String)[pri:0, instance:testScript.MgePagesSearchAndDeleteTest@6bca7e0d]" started-at="2024-08-05T15:45:42 IST" name="initializeBrowser" finished-at="2024-08-05T15:45:45 IST" duration-ms="2441" status="PASS">
          <params>
            <param index="0">
              <value>
                <![CDATA[chrome]]>
              </value>
            </param>
          </params>
          <reporter-output>
          </reporter-output>
        </test-method> <!-- initializeBrowser -->
        <test-method signature="verifyUserIsAbleTosearchAndDeletePage()[pri:0, instance:testScript.MgePagesSearchAndDeleteTest@6bca7e0d]" started-at="2024-08-05T15:45:45 IST" name="verifyUserIsAbleTosearchAndDeletePage" finished-at="2024-08-05T15:45:46 IST" duration-ms="1013" status="FAIL">
          <exception class="java.lang.RuntimeException">
            <message>
              <![CDATA[Excel sheet not found]]>
            </message>
            <full-stacktrace>
              <![CDATA[java.lang.RuntimeException: Excel sheet not found
at utilities.ExcelUtility.getStringData(ExcelUtility.java:34)
at testScript.MgePagesSearchAndDeleteTest.verifyUserIsAbleTosearchAndDeletePage(MgePagesSearchAndDeleteTest.java:29)
at java.base/jdk.internal.reflect.DirectMethodHandleAccessor.invoke(DirectMethodHandleAccessor.java:103)
at java.base/java.lang.reflect.Method.invoke(Method.java:580)
at org.testng.internal.invokers.MethodInvocationHelper.invokeMethod(MethodInvocationHelper.java:141)
at org.testng.internal.invokers.TestInvoker.invokeMethod(TestInvoker.java:686)
at org.testng.internal.invokers.TestInvoker.retryFailed(TestInvoker.java:269)
at org.testng.internal.invokers.MethodRunner.runInSequence(MethodRunner.java:76)
at org.testng.internal.invokers.TestInvoker$MethodInvocationAgent.invoke(TestInvoker.java:992)
at org.testng.internal.invokers.TestInvoker.invokeTestMethods(TestInvoker.java:203)
at org.testng.internal.invokers.TestMethodWorker.invokeTestMethods(TestMethodWorker.java:154)
at org.testng.internal.invokers.TestMethodWorker.run(TestMethodWorker.java:134)
at java.base/java.util.ArrayList.forEach(ArrayList.java:1596)
at org.testng.TestRunner.privateRun(TestRunner.java:739)
at org.testng.TestRunner.run(TestRunner.java:614)
at org.testng.SuiteRunner.runTest(SuiteRunner.java:421)
at org.testng.SuiteRunner.runSequentially(SuiteRunner.java:413)
at org.testng.SuiteRunner.privateRun(SuiteRunner.java:373)
at org.testng.SuiteRunner.run(SuiteRunner.java:312)
at org.testng.SuiteRunnerWorker.runSuite(SuiteRunnerWorker.java:52)
at org.testng.SuiteRunnerWorker.run(SuiteRunnerWorker.java:95)
at org.testng.TestNG.runSuitesSequentially(TestNG.java:1274)
at org.testng.TestNG.runSuitesLocally(TestNG.java:1208)
at org.testng.TestNG.runSuites(TestNG.java:1112)
at org.testng.TestNG.run(TestNG.java:1079)
at org.testng.remote.AbstractRemoteTestNG.run(AbstractRemoteTestNG.java:115)
at org.testng.remote.RemoteTestNG.initAndRun(RemoteTestNG.java:293)
at org.testng.remote.RemoteTestNG.main(RemoteTestNG.java:91)
]]>
            </full-stacktrace>
          </exception> <!-- java.lang.RuntimeException -->
          <reporter-output>
          </reporter-output>
        </test-method> <!-- verifyUserIsAbleTosearchAndDeletePage -->
        <test-method is-config="true" signature="driverQuitandClose(org.testng.ITestResult)[pri:0, instance:testScript.MgePagesSearchAndDeleteTest@6bca7e0d]" started-at="2024-08-05T15:45:46 IST" name="driverQuitandClose" finished-at="2024-08-05T15:45:46 IST" duration-ms="703" status="PASS">
          <params>
            <param index="0">
              <value>
                <![CDATA[[TestResult name=verifyUserIsAbleTosearchAndDeletePage status=FAILURE method=MgePagesSearchAndDeleteTest.verifyUserIsAbleTosearchAndDeletePage()[pri:0, instance:testScript.MgePagesSearchAndDeleteTest@6bca7e0d] output={null}]]]>
              </value>
            </param>
          </params>
          <reporter-output>
          </reporter-output>
        </test-method> <!-- driverQuitandClose -->
      </class> <!-- testScript.MgePagesSearchAndDeleteTest -->
    </test> <!-- Test -->
  </suite> <!-- Suite -->
</testng-results>
