<?xml version="1.0" encoding="UTF-8"?>
<!-- Generated by org.testng.reporters.JUnitXMLReporter -->
<testsuite ignored="1" hostname="DESKTOP-NACAAD5" failures="0" tests="1" name="Default test" time="10.008" errors="0" timestamp="2024-06-20T10:10:24 IST">
  <testcase classname="testScript3.MultipleWindowhandling" name="multiplehandle" time="4.034"/>
  <testcase classname="testScript3.MultipleWindowhandling" name="getWindowhandle2" time="0.0">
    <ignored/>
  </testcase> <!-- getWindowhandle2 -->
</testsuite> <!-- Default test -->
