<?xml version="1.0" encoding="UTF-8"?>
<testng-results ignored="1" total="2" passed="1" failed="0" skipped="0">
  <reporter-output>
  </reporter-output>
  <suite started-at="2024-06-20T10:10:14 IST" name="Default suite" finished-at="2024-06-20T10:10:24 IST" duration-ms="10008">
    <groups>
    </groups>
    <test started-at="2024-06-20T10:10:14 IST" name="Default test" finished-at="2024-06-20T10:10:24 IST" duration-ms="10008">
      <class name="testScript3.MultipleWindowhandling">
        <test-method is-config="true" signature="initializeBrowser()[pri:0, instance:testScript3.MultipleWindowhandling@611889f4]" started-at="2024-06-20T10:10:14 IST" name="initializeBrowser" finished-at="2024-06-20T10:10:20 IST" duration-ms="5910" status="PASS">
          <reporter-output>
          </reporter-output>
        </test-method> <!-- initializeBrowser -->
        <test-method signature="multiplehandle()[pri:0, instance:testScript3.MultipleWindowhandling@611889f4]" started-at="2024-06-20T10:10:20 IST" name="multiplehandle" finished-at="2024-06-20T10:10:24 IST" duration-ms="4034" status="PASS">
          <reporter-output>
          </reporter-output>
        </test-method> <!-- multiplehandle -->
        <test-method is-config="true" signature="driverQuitAndClose()[pri:0, instance:testScript3.MultipleWindowhandling@611889f4]" started-at="2024-06-20T10:10:24 IST" name="driverQuitAndClose" finished-at="2024-06-20T10:10:24 IST" duration-ms="1" status="PASS">
          <reporter-output>
          </reporter-output>
        </test-method> <!-- driverQuitAndClose -->
      </class> <!-- testScript3.MultipleWindowhandling -->
    </test> <!-- Default test -->
  </suite> <!-- Default suite -->
</testng-results>
